env: load .env
env: export EXPO_PUBLIC_FIREBASE_API_KEY EXPO_PUBLIC_FIREBASE_AUTH_DOMAIN EXPO_PUBLIC_FIREBASE_PROJECT_ID EXPO_PUBLIC_FIREBASE_STORAGE_BUCKET EXPO_PUBLIC_FIREBASE_MESSAGING_SENDER_ID EXPO_PUBLIC_FIREBASE_APP_ID EXPO_PUBLIC_FIREBASE_MEASUREMENT_ID EXPO_PUBLIC_DEMO_DATA EXPO_PUBLIC_DEV_MOCK_USER
Starting project at C:\Users\ND\Documents\GitHub\golfstructurepro
Starting Metro Bundler
warning: Bundler cache is empty, rebuilding (this may take a minute)
Waiting on http://localhost:19008
Logs for your project will appear below.
Web .\index.ts ▓▓▓░░░░░░░░░░░░░ 19.1% ( 7/16)
Web .\index.ts ▓▓▓▓▓▓▓▓▓▓▓░░░░░ 73.9% (765/890)
Web Bundled 9523ms index.ts (1275 modules)
 LOG  [web] Logs will appear in the browser console
Web .\index.ts ░░░░░░░░░░░░░░░░  0.0% (0/1)
Web Bundled 72ms index.ts (1 module)
 LOG  [web] Logs will appear in the browser console
Web .\index.ts ░░░░░░░░░░░░░░░░  0.0% (0/1)
Web Bundled 72ms index.ts (1 module)
 LOG  [web] Logs will appear in the browser console
Web .\index.ts ░░░░░░░░░░░░░░░░  0.0% (0/1)
Web Bundled 80ms index.ts (1 module)
 LOG  [web] Logs will appear in the browser console
